<?xml version="1.0" encoding="UTF-8" standalone="no"?>
<!DOCTYPE log SYSTEM "logger.dtd">
<log>
<record>
  <date>2024-07-26T09:13:34.201384600Z</date>
  <millis>1721985214201</millis>
  <nanos>384600</nanos>
  <sequence>0</sequence>
  <level>START</level>
  <class>com.kms.katalon.core.logging.XmlKeywordLogger</class>
  <method>startSuite</method>
  <thread>1</thread>
  <message>Start Test Suite : Test Suites/Haealthcare/Logout/Logout</message>
  <nestedLevel>0</nestedLevel>
  <escapedJava>false</escapedJava>
  <property name="rerunTestFailImmediately">true</property>
  <property name="retryCount">3</property>
  <property name="name">Logout</property>
  <property name="description"></property>
  <property name="id">Test Suites/Haealthcare/Logout/Logout</property>
</record>
<record>
  <date>2024-07-26T09:13:34.232792Z</date>
  <millis>1721985214232</millis>
  <nanos>792000</nanos>
  <sequence>1</sequence>
  <level>RUN_DATA</level>
  <class>com.kms.katalon.core.logging.XmlKeywordLogger</class>
  <method>logMessage</method>
  <thread>1</thread>
  <message>hostName = quochuy.lu - VN-HCM-D-W-0011.globalservs.com</message>
  <nestedLevel>0</nestedLevel>
  <escapedJava>false</escapedJava>
  <property name="hostName">quochuy.lu - VN-HCM-D-W-0011.globalservs.com</property>
</record>
<record>
  <date>2024-07-26T09:13:34.233794Z</date>
  <millis>1721985214233</millis>
  <nanos>794000</nanos>
  <sequence>2</sequence>
  <level>RUN_DATA</level>
  <class>com.kms.katalon.core.logging.XmlKeywordLogger</class>
  <method>logMessage</method>
  <thread>1</thread>
  <message>os = Windows 11 64bit</message>
  <nestedLevel>0</nestedLevel>
  <escapedJava>false</escapedJava>
  <property name="os">Windows 11 64bit</property>
</record>
<record>
  <date>2024-07-26T09:13:34.233794Z</date>
  <millis>1721985214233</millis>
  <nanos>794000</nanos>
  <sequence>3</sequence>
  <level>RUN_DATA</level>
  <class>com.kms.katalon.core.logging.XmlKeywordLogger</class>
  <method>logMessage</method>
  <thread>1</thread>
  <message>hostAddress = 10.161.207.102</message>
  <nestedLevel>0</nestedLevel>
  <escapedJava>false</escapedJava>
  <property name="hostAddress">10.161.207.102</property>
</record>
<record>
  <date>2024-07-26T09:13:34.234792500Z</date>
  <millis>1721985214234</millis>
  <nanos>792500</nanos>
  <sequence>4</sequence>
  <level>RUN_DATA</level>
  <class>com.kms.katalon.core.logging.XmlKeywordLogger</class>
  <method>logMessage</method>
  <thread>1</thread>
  <message>katalonVersion = 9.6.0.217</message>
  <nestedLevel>0</nestedLevel>
  <escapedJava>false</escapedJava>
  <property name="katalonVersion">9.6.0.217</property>
</record>
<record>
  <date>2024-07-26T09:13:34.568664600Z</date>
  <millis>1721985214568</millis>
  <nanos>664600</nanos>
  <sequence>5</sequence>
  <level>START</level>
  <class>com.kms.katalon.core.logging.XmlKeywordLogger</class>
  <method>startTest</method>
  <thread>1</thread>
  <message>Start Test Case : Test Cases/Healthcare/Log out/TC09_Logout_via_Burger_menu</message>
  <nestedLevel>1</nestedLevel>
  <escapedJava>false</escapedJava>
  <property name="remainingRetryCount">3</property>
  <property name="name">Test Cases/Healthcare/Log out/TC09_Logout_via_Burger_menu</property>
  <property name="description"></property>
  <property name="iteration"></property>
  <property name="id">Test Cases/Healthcare/Log out/TC09_Logout_via_Burger_menu</property>
  <property name="source">C:\Users\quochuy.lu\git\Katalon-certification\Test Cases\Healthcare\Log out\TC09_Logout_via_Burger_menu.tc</property>
  <property name="tag"></property>
  <property name="isOptional">false</property>
  <property name="currentRetryCount">0</property>
</record>
<record>
  <date>2024-07-26T09:13:35.077158600Z</date>
  <millis>1721985215077</millis>
  <nanos>158600</nanos>
  <sequence>7</sequence>
  <level>START</level>
  <class>com.kms.katalon.core.logging.XmlKeywordLogger</class>
  <method>startKeyword</method>
  <thread>1</thread>
  <message>Start action : store.Authentication.HC_Login_Burger_menu.Login_via_Burger_menu()</message>
  <nestedLevel>1</nestedLevel>
  <escapedJava>false</escapedJava>
  <property name="startLine">20</property>
  <property name="stepIndex">1</property>
</record>
<record>
  <date>2024-07-26T09:13:35.979099100Z</date>
  <millis>1721985215979</millis>
  <nanos>99100</nanos>
  <sequence>9</sequence>
  <level>INFO</level>
  <class>com.kms.katalon.core.logging.XmlKeywordLogger</class>
  <method>logMessage</method>
  <thread>1</thread>
  <message>User set preference: [&amp;apos;os&amp;apos;, &amp;apos;macos&amp;apos;]</message>
  <nestedLevel>1</nestedLevel>
  <escapedJava>false</escapedJava>
</record>
<record>
  <date>2024-07-26T09:13:35.980606100Z</date>
  <millis>1721985215980</millis>
  <nanos>606100</nanos>
  <sequence>10</sequence>
  <level>INFO</level>
  <class>com.kms.katalon.core.logging.XmlKeywordLogger</class>
  <method>logMessage</method>
  <thread>1</thread>
  <message>User set preference: [&amp;apos;browserVersion&amp;apos;, &amp;apos;17&amp;apos;]</message>
  <nestedLevel>1</nestedLevel>
  <escapedJava>false</escapedJava>
</record>
<record>
  <date>2024-07-26T09:13:35.981616200Z</date>
  <millis>1721985215981</millis>
  <nanos>616200</nanos>
  <sequence>11</sequence>
  <level>INFO</level>
  <class>com.kms.katalon.core.logging.XmlKeywordLogger</class>
  <method>logMessage</method>
  <thread>1</thread>
  <message>User set preference: [&amp;apos;browserName&amp;apos;, &amp;apos;safari&amp;apos;]</message>
  <nestedLevel>1</nestedLevel>
  <escapedJava>false</escapedJava>
</record>
<record>
  <date>2024-07-26T09:13:35.983628Z</date>
  <millis>1721985215983</millis>
  <nanos>628000</nanos>
  <sequence>12</sequence>
  <level>INFO</level>
  <class>com.kms.katalon.core.logging.XmlKeywordLogger</class>
  <method>logMessage</method>
  <thread>1</thread>
  <message>User set preference: [&amp;apos;katalon:option&amp;apos;, &amp;apos;{organizationId=1576976, usingTunnel=false}&amp;apos;]</message>
  <nestedLevel>1</nestedLevel>
  <escapedJava>false</escapedJava>
</record>
<record>
  <date>2024-07-26T09:13:35.994162Z</date>
  <millis>1721985215994</millis>
  <nanos>162000</nanos>
  <sequence>13</sequence>
  <level>INFO</level>
  <class>com.kms.katalon.core.logging.XmlKeywordLogger</class>
  <method>logMessage</method>
  <thread>1</thread>
  <message>Connecting to remote web server &amp;apos;testcloud.katalon.com/hub&amp;apos; with type &amp;apos;Selenium&amp;apos;</message>
  <nestedLevel>1</nestedLevel>
  <escapedJava>false</escapedJava>
</record>
<record>
  <date>2024-07-26T09:13:36.324007800Z</date>
  <millis>1721985216324</millis>
  <nanos>7800</nanos>
  <sequence>14</sequence>
  <level>INFO</level>
  <class>com.kms.katalon.core.logging.XmlKeywordLogger</class>
  <method>logMessage</method>
  <thread>1</thread>
  <message>Action delay is set to 0 milliseconds</message>
  <nestedLevel>1</nestedLevel>
  <escapedJava>false</escapedJava>
</record>
<record>
  <date>2024-07-26T09:14:08.390083Z</date>
  <millis>1721985248390</millis>
  <nanos>83000</nanos>
  <sequence>16</sequence>
  <level>RUN_DATA</level>
  <class>com.kms.katalon.core.logging.XmlKeywordLogger</class>
  <method>logMessage</method>
  <thread>1</thread>
  <message>remoteDriverUrl = testcloud.katalon.com/hub</message>
  <nestedLevel>1</nestedLevel>
  <escapedJava>false</escapedJava>
  <property name="remoteDriverUrl">testcloud.katalon.com/hub</property>
</record>
<record>
  <date>2024-07-26T09:14:08.391094100Z</date>
  <millis>1721985248391</millis>
  <nanos>94100</nanos>
  <sequence>17</sequence>
  <level>RUN_DATA</level>
  <class>com.kms.katalon.core.logging.XmlKeywordLogger</class>
  <method>logMessage</method>
  <thread>1</thread>
  <message>remoteOS = macOS</message>
  <nestedLevel>1</nestedLevel>
  <escapedJava>false</escapedJava>
  <property name="remoteOS">macOS</property>
</record>
<record>
  <date>2024-07-26T09:14:08.396090100Z</date>
  <millis>1721985248396</millis>
  <nanos>90100</nanos>
  <sequence>18</sequence>
  <level>RUN_DATA</level>
  <class>com.kms.katalon.core.logging.XmlKeywordLogger</class>
  <method>logMessage</method>
  <thread>1</thread>
  <message>desiredCapabilities = {
  &amp;quot;safari:diagnose&amp;quot;: false,
  &amp;quot;kt:rid&amp;quot;: &amp;quot;912bf569-7e42-4bd5-9a71-6386afdda9ba&amp;quot;,
  &amp;quot;se:cdpEnabled&amp;quot;: false,
  &amp;quot;strictFileInteractability&amp;quot;: false,
  &amp;quot;***:loadExtension&amp;quot;: [
    &amp;quot;https://prod-magicleap-user-files-us-east-1-v1.s3.amazonaws.com/extensions/orgId-691279/SmartWait.zip&amp;quot;
  ],
  &amp;quot;platform&amp;quot;: &amp;quot;MAC&amp;quot;,
  &amp;quot;se:bidiEnabled&amp;quot;: false,
  &amp;quot;proxy&amp;quot;: {
    &amp;quot;proxyType&amp;quot;: &amp;quot;DIRECT&amp;quot;,
    &amp;quot;autodetect&amp;quot;: false
  },
  &amp;quot;safari:automaticProfiling&amp;quot;: false,
  &amp;quot;safari:platformBuildVersion&amp;quot;: &amp;quot;23F79&amp;quot;,
  &amp;quot;acceptInsecureCerts&amp;quot;: false,
  &amp;quot;browserVersion&amp;quot;: &amp;quot;17&amp;quot;,
  &amp;quot;safari:useSimulator&amp;quot;: false,
  &amp;quot;webkit:WebRTC&amp;quot;: {
    &amp;quot;DisableICECandidateFiltering&amp;quot;: false,
    &amp;quot;DisableInsecureMediaCapture&amp;quot;: false
  },
  &amp;quot;kt:requestId&amp;quot;: &amp;quot;912bf569-7e42-4bd5-9a71-6386afdda9ba&amp;quot;,
  &amp;quot;safari:platformVersion&amp;quot;: &amp;quot;14.5&amp;quot;,
  &amp;quot;browserName&amp;quot;: &amp;quot;Safari&amp;quot;,
  &amp;quot;javascriptEnabled&amp;quot;: true,
  &amp;quot;katalon:option&amp;quot;: {
    &amp;quot;userId&amp;quot;: 1544065,
    &amp;quot;organizationId&amp;quot;: &amp;quot;1576976&amp;quot;,
    &amp;quot;runFromTestCloud&amp;quot;: true,
    &amp;quot;usingTunnel&amp;quot;: false
  },
  &amp;quot;safari:automaticInspection&amp;quot;: false,
  &amp;quot;platformName&amp;quot;: &amp;quot;MAC&amp;quot;,
  &amp;quot;setWindowRect&amp;quot;: true
}</message>
  <nestedLevel>1</nestedLevel>
  <escapedJava>false</escapedJava>
  <property name="desiredCapabilities">{
  &quot;safari:diagnose&quot;: false,
  &quot;kt:rid&quot;: &quot;912bf569-7e42-4bd5-9a71-6386afdda9ba&quot;,
  &quot;se:cdpEnabled&quot;: false,
  &quot;strictFileInteractability&quot;: false,
  &quot;***:loadExtension&quot;: [
    &quot;https://prod-magicleap-user-files-us-east-1-v1.s3.amazonaws.com/extensions/orgId-691279/SmartWait.zip&quot;
  ],
  &quot;platform&quot;: &quot;MAC&quot;,
  &quot;se:bidiEnabled&quot;: false,
  &quot;proxy&quot;: {
    &quot;proxyType&quot;: &quot;DIRECT&quot;,
    &quot;autodetect&quot;: false
  },
  &quot;safari:automaticProfiling&quot;: false,
  &quot;safari:platformBuildVersion&quot;: &quot;23F79&quot;,
  &quot;acceptInsecureCerts&quot;: false,
  &quot;browserVersion&quot;: &quot;17&quot;,
  &quot;safari:useSimulator&quot;: false,
  &quot;webkit:WebRTC&quot;: {
    &quot;DisableICECandidateFiltering&quot;: false,
    &quot;DisableInsecureMediaCapture&quot;: false
  },
  &quot;kt:requestId&quot;: &quot;912bf569-7e42-4bd5-9a71-6386afdda9ba&quot;,
  &quot;safari:platformVersion&quot;: &quot;14.5&quot;,
  &quot;browserName&quot;: &quot;Safari&quot;,
  &quot;javascriptEnabled&quot;: true,
  &quot;katalon:option&quot;: {
    &quot;userId&quot;: 1544065,
    &quot;organizationId&quot;: &quot;1576976&quot;,
    &quot;runFromTestCloud&quot;: true,
    &quot;usingTunnel&quot;: false
  },
  &quot;safari:automaticInspection&quot;: false,
  &quot;platformName&quot;: &quot;MAC&quot;,
  &quot;setWindowRect&quot;: true
}</property>
</record>
<record>
  <date>2024-07-26T09:14:08.397090600Z</date>
  <millis>1721985248397</millis>
  <nanos>90600</nanos>
  <sequence>19</sequence>
  <level>RUN_DATA</level>
  <class>com.kms.katalon.core.logging.XmlKeywordLogger</class>
  <method>logMessage</method>
  <thread>1</thread>
  <message>sessionId = 3873DBAF-721C-4EE3-AB97-8FD091E21026</message>
  <nestedLevel>1</nestedLevel>
  <escapedJava>false</escapedJava>
  <property name="sessionId">3873DBAF-721C-4EE3-AB97-8FD091E21026</property>
</record>
<record>
  <date>2024-07-26T09:14:08.723036300Z</date>
  <millis>1721985248723</millis>
  <nanos>36300</nanos>
  <sequence>20</sequence>
  <level>RUN_DATA</level>
  <class>com.kms.katalon.core.logging.XmlKeywordLogger</class>
  <method>logMessage</method>
  <thread>1</thread>
  <message>browser = Safari 17</message>
  <nestedLevel>1</nestedLevel>
  <escapedJava>false</escapedJava>
  <property name="browser">Safari 17</property>
</record>
<record>
  <date>2024-07-26T09:14:08.724036800Z</date>
  <millis>1721985248724</millis>
  <nanos>36800</nanos>
  <sequence>21</sequence>
  <level>RUN_DATA</level>
  <class>com.kms.katalon.core.logging.XmlKeywordLogger</class>
  <method>logMessage</method>
  <thread>1</thread>
  <message>platform = Windows 11</message>
  <nestedLevel>1</nestedLevel>
  <escapedJava>false</escapedJava>
  <property name="platform">Windows 11</property>
</record>
<record>
  <date>2024-07-26T09:14:08.726036100Z</date>
  <millis>1721985248726</millis>
  <nanos>36100</nanos>
  <sequence>22</sequence>
  <level>RUN_DATA</level>
  <class>com.kms.katalon.core.logging.XmlKeywordLogger</class>
  <method>logMessage</method>
  <thread>1</thread>
  <message>seleniumVersion = 3.141.59</message>
  <nestedLevel>1</nestedLevel>
  <escapedJava>false</escapedJava>
  <property name="seleniumVersion">3.141.59</property>
</record>
<record>
  <date>2024-07-26T09:14:08.727034100Z</date>
  <millis>1721985248727</millis>
  <nanos>34100</nanos>
  <sequence>23</sequence>
  <level>RUN_DATA</level>
  <class>com.kms.katalon.core.logging.XmlKeywordLogger</class>
  <method>logMessage</method>
  <thread>1</thread>
  <message>proxyInformation = ProxyInformation { proxyOption=NO_PROXY, proxyServerType=HTTP, username=, password=********, proxyServerAddress=, proxyServerPort=0, executionList=&amp;quot;&amp;quot;, isApplyToDesiredCapabilities=true }</message>
  <nestedLevel>1</nestedLevel>
  <escapedJava>false</escapedJava>
  <property name="proxyInformation">ProxyInformation { proxyOption=NO_PROXY, proxyServerType=HTTP, username=, password=********, proxyServerAddress=, proxyServerPort=0, executionList=&quot;&quot;, isApplyToDesiredCapabilities=true }</property>
</record>
<record>
  <date>2024-07-26T09:14:10.013018700Z</date>
  <millis>1721985250013</millis>
  <nanos>18700</nanos>
  <sequence>25</sequence>
  <level>PASSED</level>
  <class>com.kms.katalon.core.logging.XmlKeywordLogger</class>
  <method>logMessage</method>
  <thread>1</thread>
  <message>Browser is opened with url: &amp;apos;https://katalon-demo-cura.herokuapp.com/&amp;apos;</message>
  <nestedLevel>1</nestedLevel>
  <escapedJava>false</escapedJava>
  <property name="testops-method-name">com.kms.katalon.core.webui.keyword.builtin.OpenBrowserKeyword.openBrowser</property>
  <property name="testops-execution-stacktrace"></property>
</record>
<record>
  <date>2024-07-26T09:14:10.397883Z</date>
  <millis>1721985250397</millis>
  <nanos>883000</nanos>
  <sequence>27</sequence>
  <level>PASSED</level>
  <class>com.kms.katalon.core.logging.XmlKeywordLogger</class>
  <method>logMessage</method>
  <thread>1</thread>
  <message>Current window maximized</message>
  <nestedLevel>1</nestedLevel>
  <escapedJava>false</escapedJava>
  <property name="testops-method-name">com.kms.katalon.core.webui.keyword.builtin.MaximizeWindowKeyword.maximizeWindow</property>
  <property name="testops-execution-stacktrace"></property>
</record>
<record>
  <date>2024-07-26T09:14:11.555501Z</date>
  <millis>1721985251555</millis>
  <nanos>501000</nanos>
  <sequence>37</sequence>
  <level>PASSED</level>
  <class>com.kms.katalon.core.logging.XmlKeywordLogger</class>
  <method>logMessage</method>
  <thread>1</thread>
  <message>Object: &amp;apos;Object Repository/Healthcare/Burger menu/a_Burger_menu&amp;apos; is clicked on</message>
  <nestedLevel>1</nestedLevel>
  <escapedJava>false</escapedJava>
  <property name="testops-method-name">com.kms.katalon.core.webui.keyword.builtin.ClickKeyword.click</property>
  <property name="testops-execution-stacktrace"></property>
</record>
<record>
  <date>2024-07-26T09:14:12.597220100Z</date>
  <millis>1721985252597</millis>
  <nanos>220100</nanos>
  <sequence>47</sequence>
  <level>PASSED</level>
  <class>com.kms.katalon.core.logging.XmlKeywordLogger</class>
  <method>logMessage</method>
  <thread>1</thread>
  <message>Object: &amp;apos;Object Repository/Healthcare/Burger menu/a_Login&amp;apos; is clicked on</message>
  <nestedLevel>1</nestedLevel>
  <escapedJava>false</escapedJava>
  <property name="testops-method-name">com.kms.katalon.core.webui.keyword.builtin.ClickKeyword.click</property>
  <property name="testops-execution-stacktrace"></property>
</record>
<record>
  <date>2024-07-26T09:14:15.065295300Z</date>
  <millis>1721985255065</millis>
  <nanos>295300</nanos>
  <sequence>63</sequence>
  <level>PASSED</level>
  <class>com.kms.katalon.core.logging.XmlKeywordLogger</class>
  <method>logMessage</method>
  <thread>1</thread>
  <message>Text &amp;apos;John Doe&amp;apos; is set on object &amp;apos;Object Repository/Healthcare/Login/input_Username_username&amp;apos;</message>
  <nestedLevel>1</nestedLevel>
  <escapedJava>false</escapedJava>
  <property name="testops-method-name">com.kms.katalon.core.webui.keyword.builtin.SetTextKeyword.setText</property>
  <property name="testops-execution-stacktrace"></property>
</record>
<record>
  <date>2024-07-26T09:14:17.449404500Z</date>
  <millis>1721985257449</millis>
  <nanos>404500</nanos>
  <sequence>79</sequence>
  <level>PASSED</level>
  <class>com.kms.katalon.core.logging.XmlKeywordLogger</class>
  <method>logMessage</method>
  <thread>1</thread>
  <message>Text &amp;apos;ThisIsNotAPassword&amp;apos; is set on object &amp;apos;Object Repository/Healthcare/Login/input_Password_password&amp;apos;</message>
  <nestedLevel>1</nestedLevel>
  <escapedJava>false</escapedJava>
  <property name="testops-method-name">com.kms.katalon.core.webui.keyword.builtin.SetTextKeyword.setText</property>
  <property name="testops-execution-stacktrace"></property>
</record>
<record>
  <date>2024-07-26T09:14:18.445638400Z</date>
  <millis>1721985258445</millis>
  <nanos>638400</nanos>
  <sequence>89</sequence>
  <level>PASSED</level>
  <class>com.kms.katalon.core.logging.XmlKeywordLogger</class>
  <method>logMessage</method>
  <thread>1</thread>
  <message>Object: &amp;apos;Object Repository/Healthcare/Login/button_Login&amp;apos; is clicked on</message>
  <nestedLevel>1</nestedLevel>
  <escapedJava>false</escapedJava>
  <property name="testops-method-name">com.kms.katalon.core.webui.keyword.builtin.ClickKeyword.click</property>
  <property name="testops-execution-stacktrace"></property>
</record>
<record>
  <date>2024-07-26T09:14:19.129172100Z</date>
  <millis>1721985259129</millis>
  <nanos>172100</nanos>
  <sequence>97</sequence>
  <level>PASSED</level>
  <class>com.kms.katalon.core.logging.XmlKeywordLogger</class>
  <method>logMessage</method>
  <thread>1</thread>
  <message>Object &amp;apos;Object Repository/Healthcare/Appointment/form_Healthcare&amp;apos; is present</message>
  <nestedLevel>1</nestedLevel>
  <escapedJava>false</escapedJava>
  <property name="testops-method-name">com.kms.katalon.core.webui.keyword.builtin.WaitForElementPresentKeyword.waitForElementPresent</property>
  <property name="testops-execution-stacktrace"></property>
</record>
<record>
  <date>2024-07-26T09:14:19.821415300Z</date>
  <millis>1721985259821</millis>
  <nanos>415300</nanos>
  <sequence>105</sequence>
  <level>PASSED</level>
  <class>com.kms.katalon.core.logging.XmlKeywordLogger</class>
  <method>logMessage</method>
  <thread>1</thread>
  <message>Object &amp;apos;Object Repository/Healthcare/Appointment/form_Healthcare&amp;apos; is present</message>
  <nestedLevel>1</nestedLevel>
  <escapedJava>false</escapedJava>
  <property name="testops-is-assertion">true</property>
  <property name="testops-method-name">com.kms.katalon.core.webui.keyword.builtin.VerifyElementPresentKeyword.verifyElementPresent</property>
  <property name="testops-execution-stacktrace"></property>
</record>
<record>
  <date>2024-07-26T09:14:19.822415200Z</date>
  <millis>1721985259822</millis>
  <nanos>415200</nanos>
  <sequence>106</sequence>
  <level>PASSED</level>
  <class>com.kms.katalon.core.logging.XmlKeywordLogger</class>
  <method>logMessage</method>
  <thread>1</thread>
  <message>store.Authentication.HC_Login_Burger_menu.Login_via_Burger_menu is PASSED</message>
  <nestedLevel>1</nestedLevel>
  <escapedJava>false</escapedJava>
</record>
<record>
  <date>2024-07-26T09:14:19.825415Z</date>
  <millis>1721985259825</millis>
  <nanos>415000</nanos>
  <sequence>107</sequence>
  <level>END</level>
  <class>com.kms.katalon.core.logging.XmlKeywordLogger</class>
  <method>endKeyword</method>
  <thread>1</thread>
  <message>End action : store.Authentication.HC_Login_Burger_menu.Login_via_Burger_menu()</message>
  <nestedLevel>1</nestedLevel>
  <escapedJava>false</escapedJava>
</record>
<record>
  <date>2024-07-26T09:14:19.825415Z</date>
  <millis>1721985259825</millis>
  <nanos>415000</nanos>
  <sequence>108</sequence>
  <level>START</level>
  <class>com.kms.katalon.core.logging.XmlKeywordLogger</class>
  <method>startKeyword</method>
  <thread>1</thread>
  <message>Start action : click(findTestObject(&amp;quot;Object Repository/Healthcare/Burger menu/a_Burger_menu&amp;quot;))</message>
  <nestedLevel>1</nestedLevel>
  <escapedJava>false</escapedJava>
  <property name="startLine">22</property>
  <property name="stepIndex">2</property>
</record>
<record>
  <date>2024-07-26T09:14:20.808153100Z</date>
  <millis>1721985260808</millis>
  <nanos>153100</nanos>
  <sequence>118</sequence>
  <level>PASSED</level>
  <class>com.kms.katalon.core.logging.XmlKeywordLogger</class>
  <method>logMessage</method>
  <thread>1</thread>
  <message>Object: &amp;apos;Object Repository/Healthcare/Burger menu/a_Burger_menu&amp;apos; is clicked on</message>
  <nestedLevel>1</nestedLevel>
  <escapedJava>false</escapedJava>
  <property name="testops-method-name">com.kms.katalon.core.webui.keyword.builtin.ClickKeyword.click</property>
  <property name="testops-execution-stacktrace"></property>
</record>
<record>
  <date>2024-07-26T09:14:20.814690900Z</date>
  <millis>1721985260814</millis>
  <nanos>690900</nanos>
  <sequence>119</sequence>
  <level>END</level>
  <class>com.kms.katalon.core.logging.XmlKeywordLogger</class>
  <method>endKeyword</method>
  <thread>1</thread>
  <message>End action : click(findTestObject(&amp;quot;Object Repository/Healthcare/Burger menu/a_Burger_menu&amp;quot;))</message>
  <nestedLevel>1</nestedLevel>
  <escapedJava>false</escapedJava>
</record>
<record>
  <date>2024-07-26T09:14:20.815691100Z</date>
  <millis>1721985260815</millis>
  <nanos>691100</nanos>
  <sequence>120</sequence>
  <level>START</level>
  <class>com.kms.katalon.core.logging.XmlKeywordLogger</class>
  <method>startKeyword</method>
  <thread>1</thread>
  <message>Start action : verifyElementPresent(findTestObject(&amp;quot;Object Repository/Healthcare/Burger menu/Slidebar_opened&amp;quot;), 3)</message>
  <nestedLevel>1</nestedLevel>
  <escapedJava>false</escapedJava>
  <property name="startLine">24</property>
  <property name="stepIndex">3</property>
</record>
<record>
  <date>2024-07-26T09:14:21.475165900Z</date>
  <millis>1721985261475</millis>
  <nanos>165900</nanos>
  <sequence>128</sequence>
  <level>PASSED</level>
  <class>com.kms.katalon.core.logging.XmlKeywordLogger</class>
  <method>logMessage</method>
  <thread>1</thread>
  <message>Object &amp;apos;Object Repository/Healthcare/Burger menu/Slidebar_opened&amp;apos; is present</message>
  <nestedLevel>1</nestedLevel>
  <escapedJava>false</escapedJava>
  <property name="testops-is-assertion">true</property>
  <property name="testops-method-name">com.kms.katalon.core.webui.keyword.builtin.VerifyElementPresentKeyword.verifyElementPresent</property>
  <property name="testops-execution-stacktrace"></property>
</record>
<record>
  <date>2024-07-26T09:14:21.477166600Z</date>
  <millis>1721985261477</millis>
  <nanos>166600</nanos>
  <sequence>129</sequence>
  <level>END</level>
  <class>com.kms.katalon.core.logging.XmlKeywordLogger</class>
  <method>endKeyword</method>
  <thread>1</thread>
  <message>End action : verifyElementPresent(findTestObject(&amp;quot;Object Repository/Healthcare/Burger menu/Slidebar_opened&amp;quot;), 3)</message>
  <nestedLevel>1</nestedLevel>
  <escapedJava>false</escapedJava>
</record>
<record>
  <date>2024-07-26T09:14:21.478164200Z</date>
  <millis>1721985261478</millis>
  <nanos>164200</nanos>
  <sequence>130</sequence>
  <level>START</level>
  <class>com.kms.katalon.core.logging.XmlKeywordLogger</class>
  <method>startKeyword</method>
  <thread>1</thread>
  <message>Start action : click(findTestObject(&amp;quot;Object Repository/Healthcare/Burger menu/a_Logout&amp;quot;))</message>
  <nestedLevel>1</nestedLevel>
  <escapedJava>false</escapedJava>
  <property name="startLine">26</property>
  <property name="stepIndex">4</property>
</record>
<record>
  <date>2024-07-26T09:14:22.538811Z</date>
  <millis>1721985262538</millis>
  <nanos>811000</nanos>
  <sequence>140</sequence>
  <level>PASSED</level>
  <class>com.kms.katalon.core.logging.XmlKeywordLogger</class>
  <method>logMessage</method>
  <thread>1</thread>
  <message>Object: &amp;apos;Object Repository/Healthcare/Burger menu/a_Logout&amp;apos; is clicked on</message>
  <nestedLevel>1</nestedLevel>
  <escapedJava>false</escapedJava>
  <property name="testops-method-name">com.kms.katalon.core.webui.keyword.builtin.ClickKeyword.click</property>
  <property name="testops-execution-stacktrace"></property>
</record>
<record>
  <date>2024-07-26T09:14:22.540830500Z</date>
  <millis>1721985262540</millis>
  <nanos>830500</nanos>
  <sequence>141</sequence>
  <level>END</level>
  <class>com.kms.katalon.core.logging.XmlKeywordLogger</class>
  <method>endKeyword</method>
  <thread>1</thread>
  <message>End action : click(findTestObject(&amp;quot;Object Repository/Healthcare/Burger menu/a_Logout&amp;quot;))</message>
  <nestedLevel>1</nestedLevel>
  <escapedJava>false</escapedJava>
</record>
<record>
  <date>2024-07-26T09:14:22.541830Z</date>
  <millis>1721985262541</millis>
  <nanos>830000</nanos>
  <sequence>142</sequence>
  <level>START</level>
  <class>com.kms.katalon.core.logging.XmlKeywordLogger</class>
  <method>startKeyword</method>
  <thread>1</thread>
  <message>Start action : verifyElementPresent(findTestObject(&amp;quot;Object Repository/Healthcare/Dashboard/Dashboard_page&amp;quot;), 3)</message>
  <nestedLevel>1</nestedLevel>
  <escapedJava>false</escapedJava>
  <property name="startLine">28</property>
  <property name="stepIndex">5</property>
</record>
<record>
  <date>2024-07-26T09:14:23.220067Z</date>
  <millis>1721985263220</millis>
  <nanos>67000</nanos>
  <sequence>150</sequence>
  <level>PASSED</level>
  <class>com.kms.katalon.core.logging.XmlKeywordLogger</class>
  <method>logMessage</method>
  <thread>1</thread>
  <message>Object &amp;apos;Object Repository/Healthcare/Dashboard/Dashboard_page&amp;apos; is present</message>
  <nestedLevel>1</nestedLevel>
  <escapedJava>false</escapedJava>
  <property name="testops-is-assertion">true</property>
  <property name="testops-method-name">com.kms.katalon.core.webui.keyword.builtin.VerifyElementPresentKeyword.verifyElementPresent</property>
  <property name="testops-execution-stacktrace"></property>
</record>
<record>
  <date>2024-07-26T09:14:23.222071300Z</date>
  <millis>1721985263222</millis>
  <nanos>71300</nanos>
  <sequence>151</sequence>
  <level>END</level>
  <class>com.kms.katalon.core.logging.XmlKeywordLogger</class>
  <method>endKeyword</method>
  <thread>1</thread>
  <message>End action : verifyElementPresent(findTestObject(&amp;quot;Object Repository/Healthcare/Dashboard/Dashboard_page&amp;quot;), 3)</message>
  <nestedLevel>1</nestedLevel>
  <escapedJava>false</escapedJava>
</record>
<record>
  <date>2024-07-26T09:14:23.223066400Z</date>
  <millis>1721985263223</millis>
  <nanos>66400</nanos>
  <sequence>152</sequence>
  <level>START</level>
  <class>com.kms.katalon.core.logging.XmlKeywordLogger</class>
  <method>startKeyword</method>
  <thread>1</thread>
  <message>Start action : closeBrowser()</message>
  <nestedLevel>1</nestedLevel>
  <escapedJava>false</escapedJava>
  <property name="startLine">30</property>
  <property name="stepIndex">6</property>
</record>
<record>
  <date>2024-07-26T09:14:24.242175500Z</date>
  <millis>1721985264242</millis>
  <nanos>175500</nanos>
  <sequence>154</sequence>
  <level>PASSED</level>
  <class>com.kms.katalon.core.logging.XmlKeywordLogger</class>
  <method>logMessage</method>
  <thread>1</thread>
  <message>Browser is closed</message>
  <nestedLevel>1</nestedLevel>
  <escapedJava>false</escapedJava>
  <property name="testops-method-name">com.kms.katalon.core.webui.keyword.builtin.CloseBrowserKeyword.closeBrowser</property>
  <property name="testops-execution-stacktrace"></property>
</record>
<record>
  <date>2024-07-26T09:14:24.242175500Z</date>
  <millis>1721985264242</millis>
  <nanos>175500</nanos>
  <sequence>155</sequence>
  <level>END</level>
  <class>com.kms.katalon.core.logging.XmlKeywordLogger</class>
  <method>endKeyword</method>
  <thread>1</thread>
  <message>End action : closeBrowser()</message>
  <nestedLevel>1</nestedLevel>
  <escapedJava>false</escapedJava>
</record>
<record>
  <date>2024-07-26T09:14:24.243173900Z</date>
  <millis>1721985264243</millis>
  <nanos>173900</nanos>
  <sequence>156</sequence>
  <level>PASSED</level>
  <class>com.kms.katalon.core.logging.XmlKeywordLogger</class>
  <method>logMessage</method>
  <thread>1</thread>
  <message>Test Cases/Healthcare/Log out/TC09_Logout_via_Burger_menu</message>
  <nestedLevel>1</nestedLevel>
  <escapedJava>false</escapedJava>
</record>
<record>
  <date>2024-07-26T09:14:24.244178800Z</date>
  <millis>1721985264244</millis>
  <nanos>178800</nanos>
  <sequence>157</sequence>
  <level>END</level>
  <class>com.kms.katalon.core.logging.XmlKeywordLogger</class>
  <method>endTest</method>
  <thread>1</thread>
  <message>End Test Case : Test Cases/Healthcare/Log out/TC09_Logout_via_Burger_menu</message>
  <nestedLevel>0</nestedLevel>
  <escapedJava>false</escapedJava>
  <property name="executionBindingVariables">[]</property>
  <property name="applitools">false</property>
  <property name="remainingRetryCount">3</property>
  <property name="currentRetryCount">0</property>
  <property name="keywordsUsage">{
  &quot;web_ui&quot;: true,
  &quot;web_service&quot;: false,
  &quot;cucumber&quot;: false,
  &quot;builtin&quot;: false,
  &quot;mobile&quot;: false,
  &quot;windows&quot;: false,
  &quot;testng&quot;: false
}</property>
</record>
<record>
  <date>2024-07-26T09:14:24.253693600Z</date>
  <millis>1721985264253</millis>
  <nanos>693600</nanos>
  <sequence>158</sequence>
  <level>START</level>
  <class>com.kms.katalon.core.logging.XmlKeywordLogger</class>
  <method>startTest</method>
  <thread>1</thread>
  <message>Start Test Case : Test Cases/Healthcare/Log out/TC10_Logout_via_Profile_page</message>
  <nestedLevel>1</nestedLevel>
  <escapedJava>false</escapedJava>
  <property name="remainingRetryCount">3</property>
  <property name="name">Test Cases/Healthcare/Log out/TC10_Logout_via_Profile_page</property>
  <property name="description"></property>
  <property name="iteration"></property>
  <property name="id">Test Cases/Healthcare/Log out/TC10_Logout_via_Profile_page</property>
  <property name="source">C:\Users\quochuy.lu\git\Katalon-certification\Test Cases\Healthcare\Log out\TC10_Logout_via_Profile_page.tc</property>
  <property name="tag"></property>
  <property name="isOptional">false</property>
  <property name="currentRetryCount">0</property>
</record>
<record>
  <date>2024-07-26T09:14:24.444598100Z</date>
  <millis>1721985264444</millis>
  <nanos>598100</nanos>
  <sequence>160</sequence>
  <level>START</level>
  <class>com.kms.katalon.core.logging.XmlKeywordLogger</class>
  <method>startKeyword</method>
  <thread>1</thread>
  <message>Start action : store.Function.Access_HC_Profile.Access_Profile()</message>
  <nestedLevel>1</nestedLevel>
  <escapedJava>false</escapedJava>
  <property name="startLine">20</property>
  <property name="stepIndex">1</property>
</record>
<record>
  <date>2024-07-26T09:14:24.465665800Z</date>
  <millis>1721985264465</millis>
  <nanos>665800</nanos>
  <sequence>162</sequence>
  <level>INFO</level>
  <class>com.kms.katalon.core.logging.XmlKeywordLogger</class>
  <method>logMessage</method>
  <thread>1</thread>
  <message>User set preference: [&amp;apos;os&amp;apos;, &amp;apos;macos&amp;apos;]</message>
  <nestedLevel>1</nestedLevel>
  <escapedJava>false</escapedJava>
</record>
<record>
  <date>2024-07-26T09:14:24.466663Z</date>
  <millis>1721985264466</millis>
  <nanos>663000</nanos>
  <sequence>163</sequence>
  <level>INFO</level>
  <class>com.kms.katalon.core.logging.XmlKeywordLogger</class>
  <method>logMessage</method>
  <thread>1</thread>
  <message>User set preference: [&amp;apos;browserVersion&amp;apos;, &amp;apos;17&amp;apos;]</message>
  <nestedLevel>1</nestedLevel>
  <escapedJava>false</escapedJava>
</record>
<record>
  <date>2024-07-26T09:14:24.466663Z</date>
  <millis>1721985264466</millis>
  <nanos>663000</nanos>
  <sequence>164</sequence>
  <level>INFO</level>
  <class>com.kms.katalon.core.logging.XmlKeywordLogger</class>
  <method>logMessage</method>
  <thread>1</thread>
  <message>User set preference: [&amp;apos;browserName&amp;apos;, &amp;apos;safari&amp;apos;]</message>
  <nestedLevel>1</nestedLevel>
  <escapedJava>false</escapedJava>
</record>
<record>
  <date>2024-07-26T09:14:24.468171700Z</date>
  <millis>1721985264468</millis>
  <nanos>171700</nanos>
  <sequence>165</sequence>
  <level>INFO</level>
  <class>com.kms.katalon.core.logging.XmlKeywordLogger</class>
  <method>logMessage</method>
  <thread>1</thread>
  <message>User set preference: [&amp;apos;katalon:option&amp;apos;, &amp;apos;{organizationId=1576976, usingTunnel=false}&amp;apos;]</message>
  <nestedLevel>1</nestedLevel>
  <escapedJava>false</escapedJava>
</record>
<record>
  <date>2024-07-26T09:14:24.471189400Z</date>
  <millis>1721985264471</millis>
  <nanos>189400</nanos>
  <sequence>166</sequence>
  <level>INFO</level>
  <class>com.kms.katalon.core.logging.XmlKeywordLogger</class>
  <method>logMessage</method>
  <thread>1</thread>
  <message>Connecting to remote web server &amp;apos;testcloud.katalon.com/hub&amp;apos; with type &amp;apos;Selenium&amp;apos;</message>
  <nestedLevel>1</nestedLevel>
  <escapedJava>false</escapedJava>
</record>
<record>
  <date>2024-07-26T09:14:24.478189300Z</date>
  <millis>1721985264478</millis>
  <nanos>189300</nanos>
  <sequence>167</sequence>
  <level>INFO</level>
  <class>com.kms.katalon.core.logging.XmlKeywordLogger</class>
  <method>logMessage</method>
  <thread>1</thread>
  <message>Action delay is set to 0 milliseconds</message>
  <nestedLevel>1</nestedLevel>
  <escapedJava>false</escapedJava>
</record>
<record>
  <date>2024-07-26T09:14:50.070297900Z</date>
  <millis>1721985290070</millis>
  <nanos>297900</nanos>
  <sequence>169</sequence>
  <level>RUN_DATA</level>
  <class>com.kms.katalon.core.logging.XmlKeywordLogger</class>
  <method>logMessage</method>
  <thread>1</thread>
  <message>remoteDriverUrl = testcloud.katalon.com/hub</message>
  <nestedLevel>1</nestedLevel>
  <escapedJava>false</escapedJava>
  <property name="remoteDriverUrl">testcloud.katalon.com/hub</property>
</record>
<record>
  <date>2024-07-26T09:14:50.071298100Z</date>
  <millis>1721985290071</millis>
  <nanos>298100</nanos>
  <sequence>170</sequence>
  <level>RUN_DATA</level>
  <class>com.kms.katalon.core.logging.XmlKeywordLogger</class>
  <method>logMessage</method>
  <thread>1</thread>
  <message>remoteOS = macOS</message>
  <nestedLevel>1</nestedLevel>
  <escapedJava>false</escapedJava>
  <property name="remoteOS">macOS</property>
</record>
<record>
  <date>2024-07-26T09:14:50.073298800Z</date>
  <millis>1721985290073</millis>
  <nanos>298800</nanos>
  <sequence>171</sequence>
  <level>RUN_DATA</level>
  <class>com.kms.katalon.core.logging.XmlKeywordLogger</class>
  <method>logMessage</method>
  <thread>1</thread>
  <message>desiredCapabilities = {
  &amp;quot;safari:diagnose&amp;quot;: false,
  &amp;quot;kt:rid&amp;quot;: &amp;quot;f21137b7-94d6-49f2-b6f4-8794d47a795f&amp;quot;,
  &amp;quot;se:cdpEnabled&amp;quot;: false,
  &amp;quot;strictFileInteractability&amp;quot;: false,
  &amp;quot;***:loadExtension&amp;quot;: [
    &amp;quot;https://prod-magicleap-user-files-us-east-1-v1.s3.amazonaws.com/extensions/orgId-691279/SmartWait.zip&amp;quot;
  ],
  &amp;quot;platform&amp;quot;: &amp;quot;MAC&amp;quot;,
  &amp;quot;se:bidiEnabled&amp;quot;: false,
  &amp;quot;proxy&amp;quot;: {
    &amp;quot;proxyType&amp;quot;: &amp;quot;DIRECT&amp;quot;,
    &amp;quot;autodetect&amp;quot;: false
  },
  &amp;quot;safari:automaticProfiling&amp;quot;: false,
  &amp;quot;safari:platformBuildVersion&amp;quot;: &amp;quot;23E214&amp;quot;,
  &amp;quot;acceptInsecureCerts&amp;quot;: false,
  &amp;quot;browserVersion&amp;quot;: &amp;quot;17&amp;quot;,
  &amp;quot;safari:useSimulator&amp;quot;: false,
  &amp;quot;webkit:WebRTC&amp;quot;: {
    &amp;quot;DisableICECandidateFiltering&amp;quot;: false,
    &amp;quot;DisableInsecureMediaCapture&amp;quot;: false
  },
  &amp;quot;kt:requestId&amp;quot;: &amp;quot;f21137b7-94d6-49f2-b6f4-8794d47a795f&amp;quot;,
  &amp;quot;safari:platformVersion&amp;quot;: &amp;quot;14.4&amp;quot;,
  &amp;quot;browserName&amp;quot;: &amp;quot;Safari&amp;quot;,
  &amp;quot;javascriptEnabled&amp;quot;: true,
  &amp;quot;katalon:option&amp;quot;: {
    &amp;quot;userId&amp;quot;: 1544065,
    &amp;quot;organizationId&amp;quot;: &amp;quot;1576976&amp;quot;,
    &amp;quot;runFromTestCloud&amp;quot;: true,
    &amp;quot;usingTunnel&amp;quot;: false
  },
  &amp;quot;safari:automaticInspection&amp;quot;: false,
  &amp;quot;platformName&amp;quot;: &amp;quot;MAC&amp;quot;,
  &amp;quot;setWindowRect&amp;quot;: true
}</message>
  <nestedLevel>1</nestedLevel>
  <escapedJava>false</escapedJava>
  <property name="desiredCapabilities">{
  &quot;safari:diagnose&quot;: false,
  &quot;kt:rid&quot;: &quot;f21137b7-94d6-49f2-b6f4-8794d47a795f&quot;,
  &quot;se:cdpEnabled&quot;: false,
  &quot;strictFileInteractability&quot;: false,
  &quot;***:loadExtension&quot;: [
    &quot;https://prod-magicleap-user-files-us-east-1-v1.s3.amazonaws.com/extensions/orgId-691279/SmartWait.zip&quot;
  ],
  &quot;platform&quot;: &quot;MAC&quot;,
  &quot;se:bidiEnabled&quot;: false,
  &quot;proxy&quot;: {
    &quot;proxyType&quot;: &quot;DIRECT&quot;,
    &quot;autodetect&quot;: false
  },
  &quot;safari:automaticProfiling&quot;: false,
  &quot;safari:platformBuildVersion&quot;: &quot;23E214&quot;,
  &quot;acceptInsecureCerts&quot;: false,
  &quot;browserVersion&quot;: &quot;17&quot;,
  &quot;safari:useSimulator&quot;: false,
  &quot;webkit:WebRTC&quot;: {
    &quot;DisableICECandidateFiltering&quot;: false,
    &quot;DisableInsecureMediaCapture&quot;: false
  },
  &quot;kt:requestId&quot;: &quot;f21137b7-94d6-49f2-b6f4-8794d47a795f&quot;,
  &quot;safari:platformVersion&quot;: &quot;14.4&quot;,
  &quot;browserName&quot;: &quot;Safari&quot;,
  &quot;javascriptEnabled&quot;: true,
  &quot;katalon:option&quot;: {
    &quot;userId&quot;: 1544065,
    &quot;organizationId&quot;: &quot;1576976&quot;,
    &quot;runFromTestCloud&quot;: true,
    &quot;usingTunnel&quot;: false
  },
  &quot;safari:automaticInspection&quot;: false,
  &quot;platformName&quot;: &quot;MAC&quot;,
  &quot;setWindowRect&quot;: true
}</property>
</record>
<record>
  <date>2024-07-26T09:14:50.074299400Z</date>
  <millis>1721985290074</millis>
  <nanos>299400</nanos>
  <sequence>172</sequence>
  <level>RUN_DATA</level>
  <class>com.kms.katalon.core.logging.XmlKeywordLogger</class>
  <method>logMessage</method>
  <thread>1</thread>
  <message>sessionId = 106CC466-8969-4D03-8AEE-E0A6E0B4D731</message>
  <nestedLevel>1</nestedLevel>
  <escapedJava>false</escapedJava>
  <property name="sessionId">106CC466-8969-4D03-8AEE-E0A6E0B4D731</property>
</record>
<record>
  <date>2024-07-26T09:14:50.415029800Z</date>
  <millis>1721985290415</millis>
  <nanos>29800</nanos>
  <sequence>173</sequence>
  <level>RUN_DATA</level>
  <class>com.kms.katalon.core.logging.XmlKeywordLogger</class>
  <method>logMessage</method>
  <thread>1</thread>
  <message>browser = Safari 17</message>
  <nestedLevel>1</nestedLevel>
  <escapedJava>false</escapedJava>
  <property name="browser">Safari 17</property>
</record>
<record>
  <date>2024-07-26T09:14:50.416990400Z</date>
  <millis>1721985290416</millis>
  <nanos>990400</nanos>
  <sequence>174</sequence>
  <level>RUN_DATA</level>
  <class>com.kms.katalon.core.logging.XmlKeywordLogger</class>
  <method>logMessage</method>
  <thread>1</thread>
  <message>platform = Windows 11</message>
  <nestedLevel>1</nestedLevel>
  <escapedJava>false</escapedJava>
  <property name="platform">Windows 11</property>
</record>
<record>
  <date>2024-07-26T09:14:50.417495700Z</date>
  <millis>1721985290417</millis>
  <nanos>495700</nanos>
  <sequence>175</sequence>
  <level>RUN_DATA</level>
  <class>com.kms.katalon.core.logging.XmlKeywordLogger</class>
  <method>logMessage</method>
  <thread>1</thread>
  <message>seleniumVersion = 3.141.59</message>
  <nestedLevel>1</nestedLevel>
  <escapedJava>false</escapedJava>
  <property name="seleniumVersion">3.141.59</property>
</record>
<record>
  <date>2024-07-26T09:14:50.418508100Z</date>
  <millis>1721985290418</millis>
  <nanos>508100</nanos>
  <sequence>176</sequence>
  <level>RUN_DATA</level>
  <class>com.kms.katalon.core.logging.XmlKeywordLogger</class>
  <method>logMessage</method>
  <thread>1</thread>
  <message>proxyInformation = ProxyInformation { proxyOption=NO_PROXY, proxyServerType=HTTP, username=, password=********, proxyServerAddress=, proxyServerPort=0, executionList=&amp;quot;&amp;quot;, isApplyToDesiredCapabilities=true }</message>
  <nestedLevel>1</nestedLevel>
  <escapedJava>false</escapedJava>
  <property name="proxyInformation">ProxyInformation { proxyOption=NO_PROXY, proxyServerType=HTTP, username=, password=********, proxyServerAddress=, proxyServerPort=0, executionList=&quot;&quot;, isApplyToDesiredCapabilities=true }</property>
</record>
<record>
  <date>2024-07-26T09:14:51.705049200Z</date>
  <millis>1721985291705</millis>
  <nanos>49200</nanos>
  <sequence>178</sequence>
  <level>PASSED</level>
  <class>com.kms.katalon.core.logging.XmlKeywordLogger</class>
  <method>logMessage</method>
  <thread>1</thread>
  <message>Browser is opened with url: &amp;apos;https://katalon-demo-cura.herokuapp.com/&amp;apos;</message>
  <nestedLevel>1</nestedLevel>
  <escapedJava>false</escapedJava>
  <property name="testops-method-name">com.kms.katalon.core.webui.keyword.builtin.OpenBrowserKeyword.openBrowser</property>
  <property name="testops-execution-stacktrace"></property>
</record>
<record>
  <date>2024-07-26T09:14:52.052024100Z</date>
  <millis>1721985292052</millis>
  <nanos>24100</nanos>
  <sequence>180</sequence>
  <level>PASSED</level>
  <class>com.kms.katalon.core.logging.XmlKeywordLogger</class>
  <method>logMessage</method>
  <thread>1</thread>
  <message>Current window maximized</message>
  <nestedLevel>1</nestedLevel>
  <escapedJava>false</escapedJava>
  <property name="testops-method-name">com.kms.katalon.core.webui.keyword.builtin.MaximizeWindowKeyword.maximizeWindow</property>
  <property name="testops-execution-stacktrace"></property>
</record>
<record>
  <date>2024-07-26T09:14:53.080448300Z</date>
  <millis>1721985293080</millis>
  <nanos>448300</nanos>
  <sequence>190</sequence>
  <level>PASSED</level>
  <class>com.kms.katalon.core.logging.XmlKeywordLogger</class>
  <method>logMessage</method>
  <thread>1</thread>
  <message>Object: &amp;apos;Object Repository/Healthcare/Burger menu/a_Burger_menu&amp;apos; is clicked on</message>
  <nestedLevel>1</nestedLevel>
  <escapedJava>false</escapedJava>
  <property name="testops-method-name">com.kms.katalon.core.webui.keyword.builtin.ClickKeyword.click</property>
  <property name="testops-execution-stacktrace"></property>
</record>
<record>
  <date>2024-07-26T09:14:54.125622100Z</date>
  <millis>1721985294125</millis>
  <nanos>622100</nanos>
  <sequence>200</sequence>
  <level>PASSED</level>
  <class>com.kms.katalon.core.logging.XmlKeywordLogger</class>
  <method>logMessage</method>
  <thread>1</thread>
  <message>Object: &amp;apos;Object Repository/Healthcare/Burger menu/a_Login&amp;apos; is clicked on</message>
  <nestedLevel>1</nestedLevel>
  <escapedJava>false</escapedJava>
  <property name="testops-method-name">com.kms.katalon.core.webui.keyword.builtin.ClickKeyword.click</property>
  <property name="testops-execution-stacktrace"></property>
</record>
<record>
  <date>2024-07-26T09:14:56.577844300Z</date>
  <millis>1721985296577</millis>
  <nanos>844300</nanos>
  <sequence>216</sequence>
  <level>PASSED</level>
  <class>com.kms.katalon.core.logging.XmlKeywordLogger</class>
  <method>logMessage</method>
  <thread>1</thread>
  <message>Text &amp;apos;John Doe&amp;apos; is set on object &amp;apos;Object Repository/Healthcare/Login/input_Username_username&amp;apos;</message>
  <nestedLevel>1</nestedLevel>
  <escapedJava>false</escapedJava>
  <property name="testops-method-name">com.kms.katalon.core.webui.keyword.builtin.SetTextKeyword.setText</property>
  <property name="testops-execution-stacktrace"></property>
</record>
<record>
  <date>2024-07-26T09:14:58.987373800Z</date>
  <millis>1721985298987</millis>
  <nanos>373800</nanos>
  <sequence>232</sequence>
  <level>PASSED</level>
  <class>com.kms.katalon.core.logging.XmlKeywordLogger</class>
  <method>logMessage</method>
  <thread>1</thread>
  <message>Text &amp;apos;ThisIsNotAPassword&amp;apos; is set on object &amp;apos;Object Repository/Healthcare/Login/input_Password_password&amp;apos;</message>
  <nestedLevel>1</nestedLevel>
  <escapedJava>false</escapedJava>
  <property name="testops-method-name">com.kms.katalon.core.webui.keyword.builtin.SetTextKeyword.setText</property>
  <property name="testops-execution-stacktrace"></property>
</record>
<record>
  <date>2024-07-26T09:14:59.979112Z</date>
  <millis>1721985299979</millis>
  <nanos>112000</nanos>
  <sequence>242</sequence>
  <level>PASSED</level>
  <class>com.kms.katalon.core.logging.XmlKeywordLogger</class>
  <method>logMessage</method>
  <thread>1</thread>
  <message>Object: &amp;apos;Object Repository/Healthcare/Login/button_Login&amp;apos; is clicked on</message>
  <nestedLevel>1</nestedLevel>
  <escapedJava>false</escapedJava>
  <property name="testops-method-name">com.kms.katalon.core.webui.keyword.builtin.ClickKeyword.click</property>
  <property name="testops-execution-stacktrace"></property>
</record>
<record>
  <date>2024-07-26T09:15:00.658953300Z</date>
  <millis>1721985300658</millis>
  <nanos>953300</nanos>
  <sequence>250</sequence>
  <level>PASSED</level>
  <class>com.kms.katalon.core.logging.XmlKeywordLogger</class>
  <method>logMessage</method>
  <thread>1</thread>
  <message>Object &amp;apos;Object Repository/Healthcare/Appointment/form_Healthcare&amp;apos; is present</message>
  <nestedLevel>1</nestedLevel>
  <escapedJava>false</escapedJava>
  <property name="testops-method-name">com.kms.katalon.core.webui.keyword.builtin.WaitForElementPresentKeyword.waitForElementPresent</property>
  <property name="testops-execution-stacktrace"></property>
</record>
<record>
  <date>2024-07-26T09:15:01.305089900Z</date>
  <millis>1721985301305</millis>
  <nanos>89900</nanos>
  <sequence>258</sequence>
  <level>PASSED</level>
  <class>com.kms.katalon.core.logging.XmlKeywordLogger</class>
  <method>logMessage</method>
  <thread>1</thread>
  <message>Object &amp;apos;Object Repository/Healthcare/Appointment/form_Healthcare&amp;apos; is present</message>
  <nestedLevel>1</nestedLevel>
  <escapedJava>false</escapedJava>
  <property name="testops-is-assertion">true</property>
  <property name="testops-method-name">com.kms.katalon.core.webui.keyword.builtin.VerifyElementPresentKeyword.verifyElementPresent</property>
  <property name="testops-execution-stacktrace"></property>
</record>
<record>
  <date>2024-07-26T09:15:02.277428200Z</date>
  <millis>1721985302277</millis>
  <nanos>428200</nanos>
  <sequence>268</sequence>
  <level>PASSED</level>
  <class>com.kms.katalon.core.logging.XmlKeywordLogger</class>
  <method>logMessage</method>
  <thread>1</thread>
  <message>Object: &amp;apos;Object Repository/Healthcare/Burger menu/a_Burger_menu&amp;apos; is clicked on</message>
  <nestedLevel>1</nestedLevel>
  <escapedJava>false</escapedJava>
  <property name="testops-method-name">com.kms.katalon.core.webui.keyword.builtin.ClickKeyword.click</property>
  <property name="testops-execution-stacktrace"></property>
</record>
<record>
  <date>2024-07-26T09:15:02.945702300Z</date>
  <millis>1721985302945</millis>
  <nanos>702300</nanos>
  <sequence>276</sequence>
  <level>PASSED</level>
  <class>com.kms.katalon.core.logging.XmlKeywordLogger</class>
  <method>logMessage</method>
  <thread>1</thread>
  <message>Object &amp;apos;Object Repository/Healthcare/Burger menu/Slidebar_opened&amp;apos; is present</message>
  <nestedLevel>1</nestedLevel>
  <escapedJava>false</escapedJava>
  <property name="testops-is-assertion">true</property>
  <property name="testops-method-name">com.kms.katalon.core.webui.keyword.builtin.VerifyElementPresentKeyword.verifyElementPresent</property>
  <property name="testops-execution-stacktrace"></property>
</record>
<record>
  <date>2024-07-26T09:15:03.961829300Z</date>
  <millis>1721985303961</millis>
  <nanos>829300</nanos>
  <sequence>286</sequence>
  <level>PASSED</level>
  <class>com.kms.katalon.core.logging.XmlKeywordLogger</class>
  <method>logMessage</method>
  <thread>1</thread>
  <message>Object: &amp;apos;Object Repository/Healthcare/Burger menu/a_Profile&amp;apos; is clicked on</message>
  <nestedLevel>1</nestedLevel>
  <escapedJava>false</escapedJava>
  <property name="testops-method-name">com.kms.katalon.core.webui.keyword.builtin.ClickKeyword.click</property>
  <property name="testops-execution-stacktrace"></property>
</record>
<record>
  <date>2024-07-26T09:15:04.629602200Z</date>
  <millis>1721985304629</millis>
  <nanos>602200</nanos>
  <sequence>294</sequence>
  <level>PASSED</level>
  <class>com.kms.katalon.core.logging.XmlKeywordLogger</class>
  <method>logMessage</method>
  <thread>1</thread>
  <message>Object &amp;apos;Object Repository/Healthcare/Profile/Profile_page&amp;apos; is present</message>
  <nestedLevel>1</nestedLevel>
  <escapedJava>false</escapedJava>
  <property name="testops-is-assertion">true</property>
  <property name="testops-method-name">com.kms.katalon.core.webui.keyword.builtin.VerifyElementPresentKeyword.verifyElementPresent</property>
  <property name="testops-execution-stacktrace"></property>
</record>
<record>
  <date>2024-07-26T09:15:04.630604500Z</date>
  <millis>1721985304630</millis>
  <nanos>604500</nanos>
  <sequence>295</sequence>
  <level>PASSED</level>
  <class>com.kms.katalon.core.logging.XmlKeywordLogger</class>
  <method>logMessage</method>
  <thread>1</thread>
  <message>store.Function.Access_HC_Profile.Access_Profile is PASSED</message>
  <nestedLevel>1</nestedLevel>
  <escapedJava>false</escapedJava>
</record>
<record>
  <date>2024-07-26T09:15:04.634601200Z</date>
  <millis>1721985304634</millis>
  <nanos>601200</nanos>
  <sequence>296</sequence>
  <level>END</level>
  <class>com.kms.katalon.core.logging.XmlKeywordLogger</class>
  <method>endKeyword</method>
  <thread>1</thread>
  <message>End action : store.Function.Access_HC_Profile.Access_Profile()</message>
  <nestedLevel>1</nestedLevel>
  <escapedJava>false</escapedJava>
</record>
<record>
  <date>2024-07-26T09:15:04.635604300Z</date>
  <millis>1721985304635</millis>
  <nanos>604300</nanos>
  <sequence>297</sequence>
  <level>START</level>
  <class>com.kms.katalon.core.logging.XmlKeywordLogger</class>
  <method>startKeyword</method>
  <thread>1</thread>
  <message>Start action : click(findTestObject(&amp;quot;Object Repository/Healthcare/Profile/Logout_btn&amp;quot;))</message>
  <nestedLevel>1</nestedLevel>
  <escapedJava>false</escapedJava>
  <property name="startLine">22</property>
  <property name="stepIndex">2</property>
</record>
<record>
  <date>2024-07-26T09:15:05.653186400Z</date>
  <millis>1721985305653</millis>
  <nanos>186400</nanos>
  <sequence>307</sequence>
  <level>PASSED</level>
  <class>com.kms.katalon.core.logging.XmlKeywordLogger</class>
  <method>logMessage</method>
  <thread>1</thread>
  <message>Object: &amp;apos;Object Repository/Healthcare/Profile/Logout_btn&amp;apos; is clicked on</message>
  <nestedLevel>1</nestedLevel>
  <escapedJava>false</escapedJava>
  <property name="testops-method-name">com.kms.katalon.core.webui.keyword.builtin.ClickKeyword.click</property>
  <property name="testops-execution-stacktrace"></property>
</record>
<record>
  <date>2024-07-26T09:15:05.654186500Z</date>
  <millis>1721985305654</millis>
  <nanos>186500</nanos>
  <sequence>308</sequence>
  <level>END</level>
  <class>com.kms.katalon.core.logging.XmlKeywordLogger</class>
  <method>endKeyword</method>
  <thread>1</thread>
  <message>End action : click(findTestObject(&amp;quot;Object Repository/Healthcare/Profile/Logout_btn&amp;quot;))</message>
  <nestedLevel>1</nestedLevel>
  <escapedJava>false</escapedJava>
</record>
<record>
  <date>2024-07-26T09:15:05.655187Z</date>
  <millis>1721985305655</millis>
  <nanos>187000</nanos>
  <sequence>309</sequence>
  <level>START</level>
  <class>com.kms.katalon.core.logging.XmlKeywordLogger</class>
  <method>startKeyword</method>
  <thread>1</thread>
  <message>Start action : verifyElementPresent(findTestObject(&amp;quot;Object Repository/Healthcare/Dashboard/Dashboard_page&amp;quot;), 3)</message>
  <nestedLevel>1</nestedLevel>
  <escapedJava>false</escapedJava>
  <property name="startLine">24</property>
  <property name="stepIndex">3</property>
</record>
<record>
  <date>2024-07-26T09:15:06.304863200Z</date>
  <millis>1721985306304</millis>
  <nanos>863200</nanos>
  <sequence>317</sequence>
  <level>PASSED</level>
  <class>com.kms.katalon.core.logging.XmlKeywordLogger</class>
  <method>logMessage</method>
  <thread>1</thread>
  <message>Object &amp;apos;Object Repository/Healthcare/Dashboard/Dashboard_page&amp;apos; is present</message>
  <nestedLevel>1</nestedLevel>
  <escapedJava>false</escapedJava>
  <property name="testops-is-assertion">true</property>
  <property name="testops-method-name">com.kms.katalon.core.webui.keyword.builtin.VerifyElementPresentKeyword.verifyElementPresent</property>
  <property name="testops-execution-stacktrace"></property>
</record>
<record>
  <date>2024-07-26T09:15:06.307382800Z</date>
  <millis>1721985306307</millis>
  <nanos>382800</nanos>
  <sequence>318</sequence>
  <level>END</level>
  <class>com.kms.katalon.core.logging.XmlKeywordLogger</class>
  <method>endKeyword</method>
  <thread>1</thread>
  <message>End action : verifyElementPresent(findTestObject(&amp;quot;Object Repository/Healthcare/Dashboard/Dashboard_page&amp;quot;), 3)</message>
  <nestedLevel>1</nestedLevel>
  <escapedJava>false</escapedJava>
</record>
<record>
  <date>2024-07-26T09:15:06.308386400Z</date>
  <millis>1721985306308</millis>
  <nanos>386400</nanos>
  <sequence>319</sequence>
  <level>START</level>
  <class>com.kms.katalon.core.logging.XmlKeywordLogger</class>
  <method>startKeyword</method>
  <thread>1</thread>
  <message>Start action : closeBrowser()</message>
  <nestedLevel>1</nestedLevel>
  <escapedJava>false</escapedJava>
  <property name="startLine">26</property>
  <property name="stepIndex">4</property>
</record>
<record>
  <date>2024-07-26T09:15:07.680829800Z</date>
  <millis>1721985307680</millis>
  <nanos>829800</nanos>
  <sequence>321</sequence>
  <level>PASSED</level>
  <class>com.kms.katalon.core.logging.XmlKeywordLogger</class>
  <method>logMessage</method>
  <thread>1</thread>
  <message>Browser is closed</message>
  <nestedLevel>1</nestedLevel>
  <escapedJava>false</escapedJava>
  <property name="testops-method-name">com.kms.katalon.core.webui.keyword.builtin.CloseBrowserKeyword.closeBrowser</property>
  <property name="testops-execution-stacktrace"></property>
</record>
<record>
  <date>2024-07-26T09:15:07.681866400Z</date>
  <millis>1721985307681</millis>
  <nanos>866400</nanos>
  <sequence>322</sequence>
  <level>END</level>
  <class>com.kms.katalon.core.logging.XmlKeywordLogger</class>
  <method>endKeyword</method>
  <thread>1</thread>
  <message>End action : closeBrowser()</message>
  <nestedLevel>1</nestedLevel>
  <escapedJava>false</escapedJava>
</record>
<record>
  <date>2024-07-26T09:15:07.681866400Z</date>
  <millis>1721985307681</millis>
  <nanos>866400</nanos>
  <sequence>323</sequence>
  <level>PASSED</level>
  <class>com.kms.katalon.core.logging.XmlKeywordLogger</class>
  <method>logMessage</method>
  <thread>1</thread>
  <message>Test Cases/Healthcare/Log out/TC10_Logout_via_Profile_page</message>
  <nestedLevel>1</nestedLevel>
  <escapedJava>false</escapedJava>
</record>
<record>
  <date>2024-07-26T09:15:07.683868500Z</date>
  <millis>1721985307683</millis>
  <nanos>868500</nanos>
  <sequence>324</sequence>
  <level>END</level>
  <class>com.kms.katalon.core.logging.XmlKeywordLogger</class>
  <method>endTest</method>
  <thread>1</thread>
  <message>End Test Case : Test Cases/Healthcare/Log out/TC10_Logout_via_Profile_page</message>
  <nestedLevel>0</nestedLevel>
  <escapedJava>false</escapedJava>
  <property name="executionBindingVariables">[]</property>
  <property name="applitools">false</property>
  <property name="remainingRetryCount">3</property>
  <property name="currentRetryCount">0</property>
  <property name="keywordsUsage">{
  &quot;web_ui&quot;: true,
  &quot;web_service&quot;: false,
  &quot;cucumber&quot;: false,
  &quot;builtin&quot;: false,
  &quot;mobile&quot;: false,
  &quot;windows&quot;: false,
  &quot;testng&quot;: false
}</property>
</record>
<record>
  <date>2024-07-26T09:15:07.684831500Z</date>
  <millis>1721985307684</millis>
  <nanos>831500</nanos>
  <sequence>325</sequence>
  <level>START</level>
  <class>com.kms.katalon.core.logging.XmlKeywordLogger</class>
  <method>startKeyword</method>
  <thread>1</thread>
  <message>Start listener action : exportKatalonReports</message>
  <nestedLevel>0</nestedLevel>
  <escapedJava>false</escapedJava>
</record>
<record>
  <date>2024-07-26T09:15:08.071225900Z</date>
  <millis>1721985308071</millis>
  <nanos>225900</nanos>
  <sequence>511</sequence>
  <level>INFO</level>
  <class>com.kms.katalon.core.logging.XmlKeywordLogger</class>
  <method>logMessage</method>
  <thread>1</thread>
  <message>Start generating HTML report folder at: C:\Users\quochuy.lu\git\Katalon-certification\Reports\20240726_161018\Haealthcare\Logout\Logout\20240726_161021...</message>
  <nestedLevel>0</nestedLevel>
  <escapedJava>false</escapedJava>
</record>
<record>
  <date>2024-07-26T09:15:08.579791300Z</date>
  <millis>1721985308579</millis>
  <nanos>791300</nanos>
  <sequence>512</sequence>
  <level>INFO</level>
  <class>com.kms.katalon.core.logging.XmlKeywordLogger</class>
  <method>logMessage</method>
  <thread>1</thread>
  <message>HTML report generated</message>
  <nestedLevel>0</nestedLevel>
  <escapedJava>false</escapedJava>
</record>
<record>
  <date>2024-07-26T09:15:08.580791200Z</date>
  <millis>1721985308580</millis>
  <nanos>791200</nanos>
  <sequence>513</sequence>
  <level>INFO</level>
  <class>com.kms.katalon.core.logging.XmlKeywordLogger</class>
  <method>logMessage</method>
  <thread>1</thread>
  <message>Start generating CSV report folder at: C:\Users\quochuy.lu\git\Katalon-certification\Reports\20240726_161018\Haealthcare\Logout\Logout\20240726_161021...</message>
  <nestedLevel>0</nestedLevel>
  <escapedJava>false</escapedJava>
</record>
<record>
  <date>2024-07-26T09:15:08.614357100Z</date>
  <millis>1721985308614</millis>
  <nanos>357100</nanos>
  <sequence>514</sequence>
  <level>INFO</level>
  <class>com.kms.katalon.core.logging.XmlKeywordLogger</class>
  <method>logMessage</method>
  <thread>1</thread>
  <message>CSV report generated</message>
  <nestedLevel>0</nestedLevel>
  <escapedJava>false</escapedJava>
</record>
<record>
  <date>2024-07-26T09:15:08.623882Z</date>
  <millis>1721985308623</millis>
  <nanos>882000</nanos>
  <sequence>516</sequence>
  <level>END</level>
  <class>com.kms.katalon.core.logging.XmlKeywordLogger</class>
  <method>endKeyword</method>
  <thread>1</thread>
  <message>End listener action : exportKatalonReports</message>
  <nestedLevel>0</nestedLevel>
  <escapedJava>false</escapedJava>
</record>
<record>
  <date>2024-07-26T09:15:08.676986400Z</date>
  <millis>1721985308676</millis>
  <nanos>986400</nanos>
  <sequence>517</sequence>
  <level>END</level>
  <class>com.kms.katalon.core.logging.XmlKeywordLogger</class>
  <method>endSuite</method>
  <thread>1</thread>
  <message>End Test Suite : Test Suites/Haealthcare/Logout/Logout</message>
  <nestedLevel>0</nestedLevel>
  <escapedJava>false</escapedJava>
</record>
</log>